IMPORTANT DEBUGGING NOTE: batches of tests are run inside their
own process. For debugging a test inside a debugger, use the
--gtest_filter=<your_test_name> flag along with
--single-process-tests.
Using sharding settings from environment. This is shard 0/1
Using 8 parallel jobs.
[1/423] ParseBrowserString.LollipopWebView (0 ms)
[2/423] ParseBrowserString.AndroidChrome (0 ms)
[3/423] ParseBrowserString.DesktopChrome (0 ms)
[4/423] ParseBrowserString.HeadlessChrome (0 ms)
[5/423] ParseBlinkVersionString.GitHash (0 ms)
[6/423] ParseBlinkVersionString.SvnRevision (0 ms)
[7/423] IsGitHash.GitHash (0 ms)
[8/423] IsGitHash.ShortGitHash (0 ms)
[9/423] IsGitHash.GitHashWithUpperCaseCharacters (0 ms)
[10/423] IsGitHash.SvnRevision (0 ms)
[11/423] Switches.Empty (0 ms)
[12/423] Switches.NoValue (0 ms)
[13/423] Switches.Value (0 ms)
[14/423] Switches.FromOther (0 ms)
[15/423] Switches.Remove (0 ms)
[16/423] Switches.Quoting (0 ms)
[17/423] Switches.Multiple (0 ms)
[18/423] Switches.Unparsed (0 ms)
[19/423] ParseCapabilities.UnknownCapabilityLegacy (0 ms)
[20/423] ParseCapabilities.UnknownCapabilityW3c (15 ms)
[21/423] ParseCapabilities.DirectProxy (0 ms)
[22/423] ParseCapabilities.SystemProxy (0 ms)
[23/423] ParseCapabilities.PacProxy (0 ms)
[24/423] ParseCapabilities.MissingProxyAutoconfigUrl (15 ms)
[25/423] ParseCapabilities.AutodetectProxy (0 ms)
[26/423] ParseCapabilities.ManualProxy (0 ms)
[27/423] ParseCapabilities.IgnoreNullValueForManualProxy (0 ms)
[28/423] ParseCapabilities.MissingSocksVersion (14 ms)
[29/423] ParseCapabilities.BadSocksVersion (13 ms)
[30/423] ParseCapabilities.AcceptInsecureCertsDisabledByDefault (0 ms)
[31/423] ParseCapabilities.WithAndroidPackage (0 ms)
[32/423] ParseCapabilities.EmptyAndroidPackage (14 ms)
[33/423] ParseCapabilities.IllegalAndroidPackage (11 ms)
[34/423] ParseCapabilities.LogPath (0 ms)
[35/423] ParseCapabilities.Args (0 ms)
[36/423] ParseCapabilities.Prefs (0 ms)
[37/423] ParseCapabilities.LocalState (0 ms)
[38/423] ParseCapabilities.Extensions (0 ms)
[39/423] ParseCapabilities.UnrecognizedProxyType (11 ms)
[40/423] ParseCapabilities.IllegalProxyType (13 ms)
[41/423] ParseCapabilities.VirtualAuthenticatorsBool (0 ms)
[42/423] ParseCapabilities.VirtualAuthenticatorsNotBool (12 ms)
[43/423] ParseCapabilities.VirtualAuthenticatorsLargeBlobBool (0 ms)
[44/423] ParseCapabilities.VirtualAuthenticatorsLargeBlobNotBool (13 ms)
[45/423] ParseBrowserInfo.InvalidJSON (12 ms)
[46/423] ParseBrowserInfo.NonDict (12 ms)
[47/423] ParseBrowserInfo.NoBrowserKey (12 ms)
[48/423] ParseBrowserInfo.BlinkVersionContainsSvnRevision (0 ms)
[49/423] ParseBrowserInfo.BlinkVersionContainsGitHash (0 ms)
[50/423] ParseBrowserString.KitKatWebView (0 ms)
[51/423] ParseCapabilities.UseRemoteBrowserHostName (0 ms)
[52/423] ParseCapabilities.UseRemoteBrowserIpv4 (0 ms)
[53/423] ParseCapabilities.UseRemoteBrowserIpv6 (0 ms)
[54/423] ParseCapabilities.MobileEmulationUserAgent (0 ms)
[55/423] ParseCapabilities.MobileEmulationDeviceMetrics (0 ms)
[56/423] ParseCapabilities.MobileEmulationDeviceName (0 ms)
[57/423] ParseCapabilities.MobileEmulationNotDict (16 ms)
[58/423] ParseCapabilities.MobileEmulationDeviceMetricsNotDict (17 ms)
[59/423] ParseCapabilities.MobileEmulationDeviceMetricsNotNumbers (13 ms)
[60/423] ParseCapabilities.MobileEmulationBadDict (13 ms)
[61/423] ParseCapabilities.EnableAcceptInsecureCerts (0 ms)
[62/423] ParseCapabilities.LoggingPrefsOk (0 ms)
[63/423] ParseCapabilities.LoggingPrefsNotDict (17 ms)
[64/423] ParseCapabilities.PerfLoggingPrefsInspectorDomainStatus (0 ms)
[65/423] ParseCapabilities.PerfLoggingPrefsTracing (0 ms)
[66/423] ParseCapabilities.PerfLoggingPrefsInvalidInterval (14 ms)
[67/423] ParseCapabilities.PerfLoggingPrefsNotDict (14 ms)
[68/423] ParseCapabilities.PerfLoggingPrefsNoPerfLogLevel (15 ms)
[69/423] ParseCapabilities.PerfLoggingPrefsPerfLogOff (15 ms)
[70/423] ParseCapabilities.ExcludeSwitches (0 ms)
[71/423] DevToolsClientImplTest.ProcessOnConnectedFirstOnHandleEventsUntil (0 ms)
[72/423] DevToolsClientImplTest.ProcessOnEventFirst (1 ms)
[73/423] DevToolsClientImplTest.Reconnect (20 ms)
[74/423] DevToolsClientImplTest.BlockedByAlert (13 ms)
[75/423] DevToolsClientImplTest.CorrectlyDeterminesWhichIsBlockedByAlert (14 ms)
[76/423] DevToolsClientImplTest.ReceivesCommandResponse (0 ms)
[77/423] DevToolsClientImplTest.SendCommandAndIgnoreResponse (0 ms)
[78/423] ParseInspectorMessage.NonJson (0 ms)
[79/423] ParseInspectorMessage.NeitherCommandNorEvent (0 ms)
[80/423] ParseInspectorMessage.EventNoParams (0 ms)
[81/423] DevToolsEndpoint.FromPort (0 ms)
[82/423] DevToolsEndpoint.FromNetAddress (0 ms)
[83/423] DevToolsEndpoint.FromHttpUrl (0 ms)
[84/423] DevToolsEndpoint.FromHttpsUrl (0 ms)
[85/423] ParseWebViewsInfo.Normal (0 ms)
[86/423] ParseWebViewsInfo.Multiple (0 ms)
[87/423] ParseWebViewsInfo.WithoutDebuggerUrl (0 ms)
[88/423] ParseWebViewsInfo.Types (16 ms)
[89/423] ParseWebViewsInfo.NonList (15 ms)
[90/423] ParseWebViewsInfo.NonDictionary (15 ms)
[91/423] ParseInspectorMessage.EventNoParamsWithSessionId (0 ms)
[92/423] ParseInspectorMessage.EventWithParams (0 ms)
[93/423] ParseInspectorMessage.CommandNoErrorOrResult (0 ms)
[94/423] ParseInspectorMessage.CommandError (0 ms)
[95/423] ParseInspectorMessage.Command (1 ms)
[96/423] ParseInspectorError.EmptyError (10 ms)
[97/423] ParseInspectorError.InvalidUrlError (13 ms)
[98/423] ParseInspectorError.InvalidArgumentCode (14 ms)
[99/423] ParseInspectorError.UnknownError (13 ms)
[100/423] DevToolsEndpoint.Invalid (0 ms)
[101/423] DevToolsClientImplTest.SendCommandBadId (13 ms)
[102/423] DevToolsClientImplTest.SendCommandResponseError (15 ms)
[103/423] DevToolsClientImplTest.SendCommandEventBeforeResponse (0 ms)
[104/423] DevToolsClientImplTest.HandleEventsUntil (0 ms)
[105/423] DevToolsClientImplTest.HandleEventsUntilTimeout (26 ms)
[106/423] DevToolsClientImplTest.WaitForNextEventCommand (15 ms)
[107/423] DevToolsClientImplTest.WaitForNextEventError (14 ms)
[108/423] DevToolsClientImplTest.WaitForNextEventConditionalFuncReturnsError (13 ms)
[109/423] DevToolsClientImplTest.NestedCommandsWithOutOfOrderResults (1 ms)
[110/423] DevToolsClientImplTest.ProcessOnConnectedFirstOnCommand (0 ms)
[111/423] NavigationTracker.UnknownStateForcesStart (0 ms)
[112/423] NavigationTracker.UnknownStateForcesStartReceivesStop (15 ms)
[113/423] NavigationTracker.OnSuccessfulNavigate (0 ms)
[114/423] NavigationTracker.OnNetworkErroredNavigate (18 ms)
[115/423] NavigationTracker.OnNonNetworkErroredNavigate (1 ms)
[116/423] NavigationTracker.TargetClosedInIsPendingNavigation (9 ms)
[117/423] NetworkConditionsOverrideManager.OverrideSendsCommand (0 ms)
[118/423] NetworkConditionsOverrideManager.SendsCommandOnConnect (0 ms)
[119/423] NetworkConditionsOverrideManager.SendsCommandOnNavigation (0 ms)
[120/423] StatusTest.Ok (0 ms)
[121/423] CastTrackerTest.OnSinksUpdated (0 ms)
[122/423] CastTrackerTest.OnIssueUpdated (1 ms)
[123/423] ChromeFinderTest.FindExeFound (0 ms)
[124/423] ChromeFinderTest.FindExeShouldGoInOrder (0 ms)
[125/423] ChromeFinderTest.FindExeShouldPreferExeNameOverDir (0 ms)
[126/423] ChromeFinderTest.FindExeNotFound (0 ms)
[127/423] ChromeFinderTest.NoCrash (0 ms)
[128/423] ConsoleLogger.ConsoleMessages (59 ms)
[129/423] DeviceManager.AcquireDevice (65 ms)
[130/423] DeviceManager.AcquireSpecificDevice (34 ms)
[131/423] Device.StartStopApp (54 ms)
[132/423] ForwardPort.Success (13 ms)
[133/423] ForwardPort.Failure (27 ms)
[134/423] DevToolsClientImplTest.SendCommand (0 ms)
[135/423] DevToolsClientImplTest.SendCommandAndGetResult (0 ms)
[136/423] DevToolsClientImplTest.ConnectIfNecessaryConnectFails (10 ms)
[137/423] DevToolsClientImplTest.SendCommandSendFails (13 ms)
[138/423] DevToolsClientImplTest.SendCommandReceiveNextMessageFails (13 ms)
[139/423] DevToolsClientImplTest.SendCommandOnlyConnectsOnce (0 ms)
[140/423] DevToolsClientImplTest.SendCommandBadResponse (14 ms)
[141/423] MobileEmulationOverrideManager.SendsCommandOnNavigation (0 ms)
[142/423] NavigationTracker.FrameLoadStartStop (16 ms)
[143/423] NavigationTracker.FrameLoadStartStartStop (14 ms)
[144/423] NavigationTracker.MultipleFramesLoad (15 ms)
[145/423] NavigationTracker.NavigationScheduledForOtherFrame (0 ms)
[146/423] NavigationTracker.CurrentFrameLoading (0 ms)
[147/423] NavigationTracker.FrameAttachDetach (0 ms)
[148/423] NavigationTracker.SetFrameNoFrame (0 ms)
[149/423] NavigationTracker.UnknownStateFailsToDetermineState (13 ms)
[150/423] NavigationTracker.UnknownStatePageNotLoadAtAll (0 ms)
[151/423] FrameTracker.GetContextIdForFrame (31 ms)
[152/423] FrameTracker.AuxData (27 ms)
[153/423] FrameTracker.CanUpdateFrameContextId (0 ms)
[154/423] FrameTracker.DontTrackContentScriptContexts (0 ms)
[155/423] GeolocationOverrideManager.OverrideSendsCommand (0 ms)
[156/423] GeolocationOverrideManager.SendsCommandOnConnect (0 ms)
[157/423] GeolocationOverrideManager.SendsCommandOnNavigation (0 ms)
[158/423] HeapSnapshotTaker.SuccessfulCase (0 ms)
[159/423] HeapSnapshotTaker.FailIfErrorOnDebuggerEnable (14 ms)
[160/423] HeapSnapshotTaker.FailIfErrorOnCollectGarbage (13 ms)
[161/423] ParseWebViewsInfo.NoId (13 ms)
[162/423] ParseWebViewsInfo.InvalidId (14 ms)
[163/423] ParseWebViewsInfo.NoType (13 ms)
[164/423] ParseWebViewsInfo.InvalidType (12 ms)
[165/423] ParseWebViewsInfo.NoUrl (13 ms)
[166/423] ParseWebViewsInfo.InvalidUrl (14 ms)
[167/423] DomTracker.GetFrameIdForNode (40 ms)
[168/423] DomTracker.ChildNodeInserted (13 ms)
[169/423] DownloadDirectoryOverrideManager.OnConnectedSendsCommandIfDownloadDirectoryPopulated (0 ms)
[170/423] DownloadDirectoryOverrideManager.OverrideSendsCommand (0 ms)
[171/423] CreateChild.IsPendingNavigation_NoErrors (15 ms)
[172/423] ManageCookies.AddCookie_SameSiteTrue (0 ms)
[173/423] ProcessExtensions.NoExtension (0 ms)
[174/423] ProcessExtensions.GenerateIds (4 ms)
[175/423] ProcessExtensions.GenerateIdCrx3 (1 ms)
[176/423] ProcessExtensions.SingleExtensionWithBgPage (1 ms)
[177/423] ProcessExtensions.MultipleExtensionsNoBgPages (2 ms)
[178/423] ProcessExtensions.CommandLineExtensions (1 ms)
[179/423] PrepareUserDataDir.CustomPrefs (0 ms)
[180/423] DesktopLauncher.ParseDevToolsActivePortFile_Success (0 ms)
[181/423] KeyConverter.WebDriverSpecialNonCharKey (0 ms)
[182/423] KeyConverter.FrenchKeyOnEnglishLayout (1 ms)
[183/423] KeyConverter.UppercaseCharDoesShift (0 ms)
[184/423] KeyConverter.UppercaseSymbolCharDoesShift (0 ms)
[185/423] KeyConverter.UppercaseCharUsesShiftOnlyIfNecessary (0 ms)
[186/423] KeyConverter.ToggleModifiers (0 ms)
[187/423] KeyConverter.AllShorthandKeys (0 ms)
[ RUN      ] KeyConverter.AllEnglishKeyboardTextChars
../../chrome/test/chromedriver/key_converter_unittest.cc:88: Failure
Expected equality of these values:
  key_code
    Which is: 48
  it->key_code
    Which is: 57
Char: )
Stack trace:
#0 0x5653e0c110ce (anonymous namespace)::CheckShiftChar()
#1 0x5653e0c118df KeyConverter_AllEnglishKeyboardTextChars_Test::TestBody()

../../chrome/test/chromedriver/key_converter_unittest.cc:93: Failure
Expected equality of these values:
  lower
    Which is: '0' (48, 0x30)
  it->unmodified_text[0]
    Which is: '9' (57, 0x39)
Char: )
Stack trace:
#0 0x5653e0c1151b (anonymous namespace)::CheckShiftChar()
#1 0x5653e0c118df KeyConverter_AllEnglishKeyboardTextChars_Test::TestBody()

../../chrome/test/chromedriver/key_converter_unittest.cc:95: Failure
Expected equality of these values:
  key_code
    Which is: 48
  it->key_code
    Which is: 57
Char: )
Stack trace:
#0 0x5653e0c11630 (anonymous namespace)::CheckShiftChar()
#1 0x5653e0c118df KeyConverter_AllEnglishKeyboardTextChars_Test::TestBody()

../../chrome/test/chromedriver/key_converter_unittest.cc:84: Failure
Expected equality of these values:
  5u
    Which is: 5
  events.size()
    Which is: 3
Char: @
Stack trace:
#0 0x5653e0c1174c (anonymous namespace)::CheckShiftChar()
#1 0x5653e0c118df KeyConverter_AllEnglishKeyboardTextChars_Test::TestBody()

../../chrome/test/chromedriver/key_converter_unittest.cc:84: Failure
Expected equality of these values:
  5u
    Which is: 5
  events.size()
    Which is: 3
Char: $
Stack trace:
#0 0x5653e0c1174c (anonymous namespace)::CheckShiftChar()
#1 0x5653e0c118df KeyConverter_AllEnglishKeyboardTextChars_Test::TestBody()

../../chrome/test/chromedriver/key_converter_unittest.cc:84: Failure
Expected equality of these values:
  5u
    Which is: 5
  events.size()
    Which is: 3
Char: ^
Stack trace:
#0 0x5653e0c1174c (anonymous namespace)::CheckShiftChar()
#1 0x5653e0c118df KeyConverter_AllEnglishKeyboardTextChars_Test::TestBody()

../../chrome/test/chromedriver/key_converter_unittest.cc:88: Failure
Expected equality of these values:
  key_code
    Which is: 55
  it->key_code
    Which is: 54
Char: &
Stack trace:
#0 0x5653e0c110ce (anonymous namespace)::CheckShiftChar()
#1 0x5653e0c118df KeyConverter_AllEnglishKeyboardTextChars_Test::TestBody()

../../chrome/test/chromedriver/key_converter_unittest.cc:93: Failure
Expected equality of these values:
  lower
    Which is: '7' (55, 0x37)
  it->unmodified_text[0]
    Which is: '6' (54, 0x36)
Char: &
Stack trace:
#0 0x5653e0c1151b (anonymous namespace)::CheckShiftChar()
#1 0x5653e0c118df KeyConverter_AllEnglishKeyboardTextChars_Test::TestBody()

../../chrome/test/chromedriver/key_converter_unittest.cc:95: Failure
Expected equality of these values:
  key_code
    Which is: 55
  it->key_code
    Which is: 54
Char: &
Stack trace:
#0 0x5653e0c11630 (anonymous namespace)::CheckShiftChar()
#1 0x5653e0c118df KeyConverter_AllEnglishKeyboardTextChars_Test::TestBody()

../../chrome/test/chromedriver/key_converter_unittest.cc:88: Failure
Expected equality of these values:
  key_code
    Which is: 56
  it->key_code
    Which is: 220
Char: *
Stack trace:
#0 0x5653e0c110ce (anonymous namespace)::CheckShiftChar()
#1 0x5653e0c118df KeyConverter_AllEnglishKeyboardTextChars_Test::TestBody()

../../chrome/test/chromedriver/key_converter_unittest.cc:93: Failure
Expected equality of these values:
  lower
    Which is: '8' (56, 0x38)
  it->unmodified_text[0]
    Which is: '\'' (39, 0x27)
Char: *
Stack trace:
#0 0x5653e0c1151b (anonymous namespace)::CheckShiftChar()
#1 0x5653e0c118df KeyConverter_AllEnglishKeyboardTextChars_Test::TestBody()

../../chrome/test/chromedriver/key_converter_unittest.cc:95: Failure
Expected equality of these values:
  key_code
    Which is: 56
  it->key_code
    Which is: 220
Char: *
Stack trace:
#0 0x5653e0c11630 (anonymous namespace)::CheckShiftChar()
#1 0x5653e0c118df KeyConverter_AllEnglishKeyboardTextChars_Test::TestBody()

../../chrome/test/chromedriver/key_converter_unittest.cc:88: Failure
Expected equality of these values:
  key_code
    Which is: 57
  it->key_code
    Which is: 56
Char: (
Stack trace:
#0 0x5653e0c110ce (anonymous namespace)::CheckShiftChar()
#1 0x5653e0c118df KeyConverter_AllEnglishKeyboardTextChars_Test::TestBody()

../../chrome/test/chromedriver/key_converter_unittest.cc:93: Failure
Expected equality of these values:
  lower
    Which is: '9' (57, 0x39)
  it->unmodified_text[0]
    Which is: '8' (56, 0x38)
Char: (
Stack trace:
#0 0x5653e0c1151b (anonymous namespace)::CheckShiftChar()
#1 0x5653e0c118df KeyConverter_AllEnglishKeyboardTextChars_Test::TestBody()

../../chrome/test/chromedriver/key_converter_unittest.cc:95: Failure
Expected equality of these values:
  key_code
    Which is: 57
  it->key_code
    Which is: 56
Char: (
Stack trace:
#0 0x5653e0c11630 (anonymous namespace)::CheckShiftChar()
#1 0x5653e0c118df KeyConverter_AllEnglishKeyboardTextChars_Test::TestBody()

[  FAILED  ] KeyConverter.AllEnglishKeyboardTextChars (5 ms)
[188/423] KeyConverter.AllEnglishKeyboardTextChars (5 ms)
[ RUN      ] KeyConverter.AllSpecialWebDriverKeysOnEnglishKeyboard
../../chrome/test/chromedriver/key_converter_unittest.cc:383: Failure
Expected equality of these values:
  1u
    Which is: 1
  it->unmodified_text.length()
    Which is: 2
Index: 24
Stack trace:
#0 0x5653e0c120d6 KeyConverter_AllSpecialWebDriverKeysOnEnglishKeyboard_Test::TestBody()

[  FAILED  ] KeyConverter.AllSpecialWebDriverKeysOnEnglishKeyboard (0 ms)
[189/423] KeyConverter.AllSpecialWebDriverKeysOnEnglishKeyboard (0 ms)
[190/423] KeyConverter.ModifiersState (0 ms)
[191/423] KeyConverter.ReleaseModifiers (0 ms)
[192/423] DevToolsLogReaderTest.Basic (1 ms)
[193/423] DevToolsLogReaderTest.ReadableTimeStampLinux (0 ms)
[194/423] DevToolsLogReaderTest.ReadableTimeStampWindows (0 ms)
[195/423] DevToolsLogReaderTest.Multiple (0 ms)
[196/423] DevToolsLogReaderTest.EndOfFile (0 ms)
[197/423] DevToolsLogReaderTest.WebSocketBasic (0 ms)
[198/423] DevToolsLogReaderTest.WebSocketMultiple (0 ms)
[199/423] DevToolsLogReaderTest.WebSocketPayload (0 ms)
[200/423] DevToolsLogReaderTest.TruncatedJSON (0 ms)
[201/423] StatusTest.Error (8 ms)
[202/423] StatusTest.ErrorWithDetails (9 ms)
[203/423] StatusTest.ErrorWithCause (11 ms)
[204/423] StatusTest.AddDetails (13 ms)
[205/423] EvaluateScript.CommandError (12 ms)
[206/423] EvaluateScript.MissingResult (10 ms)
[207/423] EvaluateScript.Throws (12 ms)
[208/423] EvaluateScript.Ok (0 ms)
[209/423] EvaluateScriptAndGetValue.MissingType (11 ms)
[210/423] EvaluateScriptAndGetValue.Undefined (0 ms)
[211/423] EvaluateScriptAndGetValue.Ok (0 ms)
[212/423] EvaluateScriptAndGetObject.NoObject (0 ms)
[213/423] EvaluateScriptAndGetObject.Ok (0 ms)
[214/423] ParseCallFunctionResult.NotDict (11 ms)
[215/423] ParseCallFunctionResult.Ok (0 ms)
[216/423] ParseCallFunctionResult.ScriptError (12 ms)
[217/423] CreateChild.MultiLevel (0 ms)
[218/423] CreateChild.IsNonBlocking_NoErrors (0 ms)
[219/423] CreateChild.Load_NoErrors (28 ms)
[220/423] CreateChild.WaitForPendingNavigations_NoErrors (12 ms)
[221/423] AdbClientSocketTest.ParseOutput (0 ms)
[222/423] AdbClientSocketTest.ReadUntilEOF_EOFEmptyString (0 ms)
[223/423] AdbClientSocketTest.ReadUntilEOF_EOFNonEmptyString1 (0 ms)
[224/423] AdbClientSocketTest.ReadUntilEOF_EOFNonEmptyString2 (0 ms)
[225/423] AdbClientSocketTest.ReadUntilEOF_Error (0 ms)
[226/423] AdbClientSocketTest.ReadUntilEOF_GrowBuffer (0 ms)
[227/423] AdbClientSocketTest.ReadUntilEOF_EmptyChunks (0 ms)
[228/423] AdbClientSocketTest.ReadUntilEOF_Empty (0 ms)
[229/423] AdbClientSocketTest.ReadUntilEOF_EmptyEndingChunk (0 ms)
[230/423] AdbClientSocketTest.ReadStatusOutput_Okay (0 ms)
[231/423] DesktopLauncher.ParseDevToolsActivePortFile_NoNewline (13 ms)
[232/423] DesktopLauncher.ParseDevToolsActivePortFile_NotNumber (14 ms)
[233/423] DesktopLauncher.ParseDevToolsActivePortFile_NoFile (14 ms)
[234/423] DesktopLauncher.RemoveOldDevToolsActivePortFile_Success (0 ms)
[235/423] CommandListenerProxy.ForwardsCommands (0 ms)
[236/423] CommandsTest.GetStatus (0 ms)
[237/423] CommandsTest.GetSessions (0 ms)
[238/423] CommandsTest.QuitAll (0 ms)
[239/423] CommandsTest.ExecuteSessionCommand (5 ms)
[240/423] CommandsTest.ExecuteSessionCommandOnNoSuchSession (12 ms)
[241/423] HeapSnapshotTaker.ErrorBeforeWhenReceivingSnapshot (14 ms)
[242/423] JavaScriptDialogManager.NoDialog (27 ms)
[243/423] JavaScriptDialogManager.HandleDialogPassesParams (0 ms)
[244/423] JavaScriptDialogManager.HandleDialogNullPrompt (0 ms)
[245/423] JavaScriptDialogManager.ReconnectClearsStateAndSendsEnable (27 ms)
[246/423] JavaScriptDialogManager.OneDialog (36 ms)
[247/423] JavaScriptDialogManager.TwoDialogs (27 ms)
[248/423] JavaScriptDialogManager.OneDialogManualClose (41 ms)
[249/423] MobileEmulationOverrideManager.SendsCommandWithTouchOnConnect (0 ms)
[250/423] MobileEmulationOverrideManager.SendsCommandWithoutTouchOnConnect (0 ms)
[251/423] TimeoutTest.Derive (0 ms)
[252/423] TimeoutTest.DeriveExpired (0 ms)
[253/423] WebSocketTest.CreateDestroy (0 ms)
[254/423] WebSocketTest.Connect (1 ms)
[255/423] WebSocketTest.ConnectNoServer (13 ms)
[256/423] WebSocketTest.Connect404 (1 ms)
[257/423] WebSocketTest.ConnectServerClosesConn (3 ms)
[258/423] WebSocketTest.CloseOnReceive (1 ms)
[259/423] WebSocketTest.CloseOnSend (4 ms)
[260/423] WebSocketTest.SendReceive (0 ms)
[261/423] CommandsTest.ExecuteSessionCommandOnNoSuchSessionWhenItExpectsOk (0 ms)
[262/423] CommandsTest.ExecuteSessionCommandOnJustDeletedSession (12 ms)
[263/423] CommandsTest.SuccessfulFindElement (16 ms)
[264/423] CommandsTest.FailedFindElement (14 ms)
[265/423] CommandsTest.SuccessfulFindElements (14 ms)
[266/423] CommandsTest.FailedFindElements (0 ms)
[267/423] CommandsTest.SuccessfulFindChildElement (15 ms)
[268/423] CommandsTest.FailedFindChildElement (13 ms)
[269/423] CommandsTest.SuccessfulFindChildElements (14 ms)
[270/423] CommandsTest.FailedFindChildElements (0 ms)
[271/423] AdbClientSocketTest.ReadStatusOutput_OkayNulls (1 ms)
[272/423] AdbClientSocketTest.ReadStatusOutput_Fail (0 ms)
[273/423] AdbClientSocketTest.ReadStatusOutput_FailEmpty (0 ms)
[274/423] FetchUrlTest.Http200 (11 ms)
[275/423] FetchUrlTest.HttpNon200 (2 ms)
[276/423] FetchUrlTest.ConnectionClose (11 ms)
[277/423] FetchUrlTest.NoServer (2 ms)
[278/423] SyncWebSocketImplTest.CreateDestroy (4 ms)
[279/423] SyncWebSocketImplTest.Connect (0 ms)
[280/423] SyncWebSocketImplTest.ConnectFail (20 ms)
[281/423] CommandsTest.TimeoutInFindElement (17 ms)
[282/423] CommandsTest.ErrorFindElement (28 ms)
[283/423] CommandsTest.ErrorFindChildElement (30 ms)
[284/423] CommandsTest.SuccessNotifyingCommandListeners (0 ms)
[285/423] CommandsTest.ErrorNotifyingCommandListeners (12 ms)
[286/423] ElementCommandsTest.ExecuteGetElementRect_SizeError (14 ms)
[287/423] KeyConverter.SingleChar (1 ms)
[288/423] KeyConverter.SingleNumber (0 ms)
[289/423] KeyConverter.MultipleChars (0 ms)
[290/423] KeyConverter.WebDriverSpecialChar (0 ms)
[291/423] SessionCommandsTest.FileUpload (1 ms)
[292/423] SessionCommandsTest.MatchCapabilities (0 ms)
[293/423] SessionCommandsTest.MatchCapabilitiesVirtualAuthenticators (0 ms)
[294/423] SessionCommandsTest.MatchCapabilitiesVirtualAuthenticatorsLargeBlob (0 ms)
[295/423] SessionCommandsTest.Quit (0 ms)
[296/423] SessionCommandsTest.QuitWithDetach (0 ms)
[297/423] SessionCommandsTest.QuitFails (14 ms)
[298/423] SessionCommandsTest.ConfigureHeadlessSession_dotNotation (0 ms)
[299/423] SessionCommandsTest.ConfigureHeadlessSession_nestedMap (0 ms)
[300/423] SessionCommandsTest.ConfigureHeadlessSession_noDownloadDir (0 ms)
[301/423] UnzipSoleFile.Archive (1 ms)
[302/423] GetOptionalValue.BoolNone (0 ms)
[303/423] GetOptionalValue.IntNone (0 ms)
[304/423] GetOptionalValue.DoubleNone (0 ms)
[305/423] GetOptionalValue.StringNone (0 ms)
[306/423] GetOptionalValue.DictionaryNone (0 ms)
[307/423] GetOptionalValue.ListNone (0 ms)
[308/423] GetOptionalValue.SafeIntNone (1 ms)
[309/423] GetOptionalValue.BoolNull (0 ms)
[310/423] GetOptionalValue.IntNull (0 ms)
[311/423] GetOptionalValue.DoubleNull (3 ms)
[312/423] GetOptionalValue.StringNull (0 ms)
[313/423] GetOptionalValue.DictionaryNull (0 ms)
[314/423] GetOptionalValue.ListNull (0 ms)
[315/423] GetOptionalValue.SafeIntNull (0 ms)
[316/423] GetOptionalValue.BoolWrongType (0 ms)
[317/423] GetOptionalValue.IntWrongType (0 ms)
[318/423] GetOptionalValue.DoubleWrongType (1 ms)
[319/423] GetOptionalValue.StringWrongType (0 ms)
[320/423] GetOptionalValue.DictionaryWrongType (0 ms)
[321/423] GetOptionalValue.ListWrongType (0 ms)
[322/423] GetOptionalValue.SafeIntWrongType (0 ms)
[323/423] GetOptionalValue.BoolNoConversion (1 ms)
[324/423] GetOptionalValue.IntNoConversion (0 ms)
[325/423] GetOptionalValue.DoubleNoConversion (0 ms)
[326/423] GetOptionalValue.StringNoConversion (0 ms)
[327/423] GetOptionalValue.DictionaryNoConversion (0 ms)
[328/423] GetOptionalValue.ListNoConversion (0 ms)
[329/423] GetOptionalValue.SafeIntNoConversion (0 ms)
[330/423] GetOptionalValue.DoubleToInt (0 ms)
[331/423] HttpHandlerTest.HandleOutsideOfBaseUrl (0 ms)
[332/423] HttpHandlerTest.HandleUnknownCommand (14 ms)
[333/423] HttpHandlerTest.HandleNewSession (0 ms)
[334/423] HttpHandlerTest.HandleInvalidPost (12 ms)
[335/423] HttpHandlerTest.HandleUnimplementedCommand (13 ms)
[336/423] HttpHandlerTest.HandleCommand (0 ms)
[337/423] HttpHandlerTest.StandardResponse_ErrorNoMessage (15 ms)
[338/423] MatchesCommandTest.DiffMethod (0 ms)
[339/423] MatchesCommandTest.DiffPathLength (0 ms)
[340/423] MatchesCommandTest.DiffPaths (0 ms)
[341/423] GetOptionalValue.DoubleToSafeInt (0 ms)
[342/423] GetOptionalValue.DoubleToIntError (0 ms)
[343/423] GetOptionalValue.DoubleToSafeIntError (0 ms)
[344/423] GetOptionalValue.IntToDouble (0 ms)
[345/423] GetOptionalValue.SafeIntMax (0 ms)
[346/423] GetOptionalValue.SafeIntMaxToIntError (0 ms)
[347/423] GetOptionalValue.SafeIntTooLarge (0 ms)
[348/423] ConvertCentimeterToInch.Zero (0 ms)
[349/423] ConvertCentimeterToInch.PositiveDouble (0 ms)
[350/423] ConvertCentimeterToInch.NegativeDouble (0 ms)
[351/423] WindowCommandsTest.ExecuteScreenCapture (0 ms)
[352/423] WindowCommandsTest.ExecuteFullPageScreenCapture (0 ms)
[353/423] WindowCommandsTest.ExecuteMobileFullPageScreenCapture (0 ms)
[354/423] Logging.NameLevelConversionHappy (0 ms)
[355/423] Logging.NameToLevelErrors (1 ms)
[356/423] Logging.CreatePerformanceLog (0 ms)
[357/423] Logging.IgnoreUnknownLogType (0 ms)
[358/423] Logging.DefaultLogs (0 ms)
[359/423] Logging.GetFirstErrorMessage (0 ms)
[360/423] Logging.OverflowLogs (162 ms)
[361/423] WebDriverLog.Levels (0 ms)
[362/423] WebDriverLog.Off (0 ms)
[363/423] WebDriverLog.All (0 ms)
[364/423] MatchesCommandTest.Substitution (0 ms)
[365/423] MatchesCommandTest.DecodeEscape (0 ms)
[366/423] MatchesCommandTest.DecodePercent (0 ms)
[367/423] SessionCommandsTest.ExecuteGetTimeouts (0 ms)
[368/423] SessionCommandsTest.ExecuteSetTimeouts (14 ms)
[369/423] SessionCommandsTest.MergeCapabilities (1 ms)
[370/423] SessionCommandsTest.ProcessCapabilities_Empty (26 ms)
[371/423] SessionCommandsTest.ProcessCapabilities_AlwaysMatch (27 ms)
[372/423] SessionCommandsTest.ProcessCapabilities_FirstMatch (56 ms)
[373/423] SessionCommandsTest.ProcessCapabilities_Merge (27 ms)
[374/423] WindowCommandsTest.ExecuteFreeze (0 ms)
[375/423] WindowCommandsTest.ExecuteResume (0 ms)
[376/423] WindowCommandsTest.ExecuteSendCommandAndGetResult_NoCmd (15 ms)
[377/423] WindowCommandsTest.ExecuteSendCommandAndGetResult_NoParams (15 ms)
[378/423] WindowCommandsTest.ProcessInputActionSequencePointerMouse (0 ms)
[379/423] WindowCommandsTest.ProcessInputActionSequencePointerTouch (0 ms)
[380/423] WindowCommandsTest.ExecuteAddCookie_Valid (0 ms)
[381/423] WindowCommandsTest.ExecuteAddCookie_NameMissing (14 ms)
[382/423] WindowCommandsTest.ExecuteAddCookie_MissingValue (14 ms)
[383/423] WindowCommandsTest.ExecuteAddCookie_DomainInvalid (13 ms)
[384/423] SessionCommandsTest.ConfigureHeadlessSession_notHeadless (0 ms)
[385/423] SessionCommandsTest.ConfigureSession_allSet (0 ms)
[386/423] SessionCommandsTest.ConfigureSession_defaults (0 ms)
[387/423] SessionCommandsTest.ConfigureSession_legacyDefault (0 ms)
[388/423] Session.GetTargetWindowNoChrome (14 ms)
[389/423] Session.GetTargetWindowTargetWindowClosed (15 ms)
[390/423] Session.GetTargetWindowTargetWindowStillOpen (0 ms)
[391/423] Session.SwitchToParentFrame (78 ms)
[392/423] Session.SwitchToTopFrame (37 ms)
[393/423] UnzipSoleFile.Entry (10 ms)
[394/423] SyncWebSocketImplTest.SendReceive (2 ms)
[395/423] SyncWebSocketImplTest.DetermineRecipient (1 ms)
[396/423] SyncWebSocketImplTest.SendReceiveTimeout (7 ms)
[397/423] SyncWebSocketImplTest.SendReceiveLarge (251 ms)
[398/423] SyncWebSocketImplTest.SendReceiveMany (1 ms)
[399/423] SyncWebSocketImplTest.CloseOnReceive (0 ms)
[400/423] SyncWebSocketImplTest.CloseOnSend (1 ms)
[401/423] SyncWebSocketImplTest.Reconnect (11 ms)
[402/423] TimeoutTest.Basics (0 ms)
[403/423] TimeoutTest.SetDuration (0 ms)
[404/423] WindowCommandsTest.ExecuteAddCookie_SameSiteEmpty (0 ms)
[405/423] WindowCommandsTest.ExecuteAddCookie_SameSiteNotSet (0 ms)
[406/423] WindowCommandsTest.ExecutePrintDefaultParams (0 ms)
[407/423] WindowCommandsTest.ExecutePrintSpecifyOrientation (25 ms)
[408/423] WindowCommandsTest.ExecutePrintSpecifyScale (34 ms)
[409/423] WindowCommandsTest.ExecutePrintSpecifyBackground (23 ms)
[410/423] WindowCommandsTest.ExecutePrintSpecifyShrinkToFit (24 ms)
[411/423] WindowCommandsTest.ExecutePrintSpecifyPageRanges (32 ms)
[412/423] WindowCommandsTest.ExecutePrintSpecifyPage (34 ms)
[413/423] WindowCommandsTest.ExecutePrintSpecifyMargin (66 ms)
[414/423] WebSocketTest.SendReceiveLarge (288 ms)
[415/423] WebSocketTest.SendReceiveManyPacks (250 ms)
[416/423] WebSocketTest.SendReceiveMultiple (0 ms)
[417/423] PerformanceLogger.OneWebView (0 ms)
[418/423] PerformanceLogger.TwoWebViews (0 ms)
[419/423] PerformanceLogger.PerfLoggingPrefs (0 ms)
[420/423] PerformanceLogger.TracingStartStop (0 ms)
[421/423] PerformanceLogger.RecordTraceEvents (0 ms)
[422/423] PerformanceLogger.ShouldRequestTraceEvents (0 ms)
[423/423] PerformanceLogger.WarnWhenTraceBufferFull (0 ms)
Retrying 2 tests (retry #0)
[ RUN      ] KeyConverter.AllEnglishKeyboardTextChars
../../chrome/test/chromedriver/key_converter_unittest.cc:88: Failure
Expected equality of these values:
  key_code
    Which is: 48
  it->key_code
    Which is: 57
Char: )
Stack trace:
#0 0x55c6636e40ce (anonymous namespace)::CheckShiftChar()
#1 0x55c6636e48df KeyConverter_AllEnglishKeyboardTextChars_Test::TestBody()

../../chrome/test/chromedriver/key_converter_unittest.cc:93: Failure
Expected equality of these values:
  lower
    Which is: '0' (48, 0x30)
  it->unmodified_text[0]
    Which is: '9' (57, 0x39)
Char: )
Stack trace:
#0 0x55c6636e451b (anonymous namespace)::CheckShiftChar()
#1 0x55c6636e48df KeyConverter_AllEnglishKeyboardTextChars_Test::TestBody()

../../chrome/test/chromedriver/key_converter_unittest.cc:95: Failure
Expected equality of these values:
  key_code
    Which is: 48
  it->key_code
    Which is: 57
Char: )
Stack trace:
#0 0x55c6636e4630 (anonymous namespace)::CheckShiftChar()
#1 0x55c6636e48df KeyConverter_AllEnglishKeyboardTextChars_Test::TestBody()

../../chrome/test/chromedriver/key_converter_unittest.cc:84: Failure
Expected equality of these values:
  5u
    Which is: 5
  events.size()
    Which is: 3
Char: @
Stack trace:
#0 0x55c6636e474c (anonymous namespace)::CheckShiftChar()
#1 0x55c6636e48df KeyConverter_AllEnglishKeyboardTextChars_Test::TestBody()

../../chrome/test/chromedriver/key_converter_unittest.cc:84: Failure
Expected equality of these values:
  5u
    Which is: 5
  events.size()
    Which is: 3
Char: $
Stack trace:
#0 0x55c6636e474c (anonymous namespace)::CheckShiftChar()
#1 0x55c6636e48df KeyConverter_AllEnglishKeyboardTextChars_Test::TestBody()

../../chrome/test/chromedriver/key_converter_unittest.cc:84: Failure
Expected equality of these values:
  5u
    Which is: 5
  events.size()
    Which is: 3
Char: ^
Stack trace:
#0 0x55c6636e474c (anonymous namespace)::CheckShiftChar()
#1 0x55c6636e48df KeyConverter_AllEnglishKeyboardTextChars_Test::TestBody()

../../chrome/test/chromedriver/key_converter_unittest.cc:88: Failure
Expected equality of these values:
  key_code
    Which is: 55
  it->key_code
    Which is: 54
Char: &
Stack trace:
#0 0x55c6636e40ce (anonymous namespace)::CheckShiftChar()
#1 0x55c6636e48df KeyConverter_AllEnglishKeyboardTextChars_Test::TestBody()

../../chrome/test/chromedriver/key_converter_unittest.cc:93: Failure
Expected equality of these values:
  lower
    Which is: '7' (55, 0x37)
  it->unmodified_text[0]
    Which is: '6' (54, 0x36)
Char: &
Stack trace:
#0 0x55c6636e451b (anonymous namespace)::CheckShiftChar()
#1 0x55c6636e48df KeyConverter_AllEnglishKeyboardTextChars_Test::TestBody()

../../chrome/test/chromedriver/key_converter_unittest.cc:95: Failure
Expected equality of these values:
  key_code
    Which is: 55
  it->key_code
    Which is: 54
Char: &
Stack trace:
#0 0x55c6636e4630 (anonymous namespace)::CheckShiftChar()
#1 0x55c6636e48df KeyConverter_AllEnglishKeyboardTextChars_Test::TestBody()

../../chrome/test/chromedriver/key_converter_unittest.cc:88: Failure
Expected equality of these values:
  key_code
    Which is: 56
  it->key_code
    Which is: 220
Char: *
Stack trace:
#0 0x55c6636e40ce (anonymous namespace)::CheckShiftChar()
#1 0x55c6636e48df KeyConverter_AllEnglishKeyboardTextChars_Test::TestBody()

../../chrome/test/chromedriver/key_converter_unittest.cc:93: Failure
Expected equality of these values:
  lower
    Which is: '8' (56, 0x38)
  it->unmodified_text[0]
    Which is: '\'' (39, 0x27)
Char: *
Stack trace:
#0 0x55c6636e451b (anonymous namespace)::CheckShiftChar()
#1 0x55c6636e48df KeyConverter_AllEnglishKeyboardTextChars_Test::TestBody()

../../chrome/test/chromedriver/key_converter_unittest.cc:95: Failure
Expected equality of these values:
  key_code
    Which is: 56
  it->key_code
    Which is: 220
Char: *
Stack trace:
#0 0x55c6636e4630 (anonymous namespace)::CheckShiftChar()
#1 0x55c6636e48df KeyConverter_AllEnglishKeyboardTextChars_Test::TestBody()

../../chrome/test/chromedriver/key_converter_unittest.cc:88: Failure
Expected equality of these values:
  key_code
    Which is: 57
  it->key_code
    Which is: 56
Char: (
Stack trace:
#0 0x55c6636e40ce (anonymous namespace)::CheckShiftChar()
#1 0x55c6636e48df KeyConverter_AllEnglishKeyboardTextChars_Test::TestBody()

../../chrome/test/chromedriver/key_converter_unittest.cc:93: Failure
Expected equality of these values:
  lower
    Which is: '9' (57, 0x39)
  it->unmodified_text[0]
    Which is: '8' (56, 0x38)
Char: (
Stack trace:
#0 0x55c6636e451b (anonymous namespace)::CheckShiftChar()
#1 0x55c6636e48df KeyConverter_AllEnglishKeyboardTextChars_Test::TestBody()

../../chrome/test/chromedriver/key_converter_unittest.cc:95: Failure
Expected equality of these values:
  key_code
    Which is: 57
  it->key_code
    Which is: 56
Char: (
Stack trace:
#0 0x55c6636e4630 (anonymous namespace)::CheckShiftChar()
#1 0x55c6636e48df KeyConverter_AllEnglishKeyboardTextChars_Test::TestBody()

[  FAILED  ] KeyConverter.AllEnglishKeyboardTextChars (9 ms)
[424/425] KeyConverter.AllEnglishKeyboardTextChars (9 ms)
[ RUN      ] KeyConverter.AllSpecialWebDriverKeysOnEnglishKeyboard
../../chrome/test/chromedriver/key_converter_unittest.cc:383: Failure
Expected equality of these values:
  1u
    Which is: 1
  it->unmodified_text.length()
    Which is: 2
Index: 24
Stack trace:
#0 0x5621c3d050d6 KeyConverter_AllSpecialWebDriverKeysOnEnglishKeyboard_Test::TestBody()

[  FAILED  ] KeyConverter.AllSpecialWebDriverKeysOnEnglishKeyboard (1 ms)
[425/425] KeyConverter.AllSpecialWebDriverKeysOnEnglishKeyboard (1 ms)
2 tests failed:
    KeyConverter.AllEnglishKeyboardTextChars (../../chrome/test/chromedriver/key_converter_unittest.cc:329)
    KeyConverter.AllSpecialWebDriverKeysOnEnglishKeyboard (../../chrome/test/chromedriver/key_converter_unittest.cc:353)
Tests took 0 seconds.
